<?xml version="1.0" encoding="UTF-8"?>
<!-- Generated by org.testng.reporters.JUnitReportReporter -->
<testsuite hostname="DESKTOP-HIN4ESK" failures="0" tests="1" name="Uploadphoto.NewTest" time="6.305" errors="0" timestamp="2024-08-14T12:41:20 IST" skipped="0">
  <testcase classname="Uploadphoto.NewTest" name="f" time="6.305"/>
</testsuite> <!-- Uploadphoto.NewTest -->
