<?xml version="1.0" encoding="UTF-8"?>
<!-- Generated by org.testng.reporters.JUnitReportReporter -->
<testsuite hostname="DESKTOP-HIN4ESK" failures="0" tests="1" name="Pdftoword.Pdftoword" time="14.509" errors="0" timestamp="2024-08-14T14:19:49 IST" skipped="0">
  <testcase classname="Pdftoword.Pdftoword" name="f" time="14.509"/>
</testsuite> <!-- Pdftoword.Pdftoword -->
